<?xml version="1.0" encoding="UTF-8"?>
<testng-results ignored="0" total="1" passed="1" failed="0" skipped="0">
  <reporter-output>
  </reporter-output>
  <suite started-at="2022-12-06T13:21:43 IST" name="Default suite" finished-at="2022-12-06T13:21:53 IST" duration-ms="9902">
    <groups>
    </groups>
    <test started-at="2022-12-06T13:21:43 IST" name="Default test" finished-at="2022-12-06T13:21:53 IST" duration-ms="9902">
      <class name="demoProject.CopyPaste">
        <test-method signature="sam()[pri:0, instance:demoProject.CopyPaste@55b53d44]" started-at="2022-12-06T13:21:43 IST" name="sam" finished-at="2022-12-06T13:21:53 IST" duration-ms="9861" status="PASS">
          <reporter-output>
          </reporter-output>
        </test-method> <!-- sam -->
      </class> <!-- demoProject.CopyPaste -->
    </test> <!-- Default test -->
  </suite> <!-- Default suite -->
</testng-results>
