<?xml version="1.0" encoding="UTF-8"?>
<!-- Generated by org.testng.reporters.JUnitXMLReporter -->
<testsuite ignored="1" hostname="TYSS-Mamatha" failures="0" tests="4" name="Test" time="6.196" errors="0" timestamp="2022-12-05T14:09:21 IST">
  <testcase classname="executions.TC2" name="TestCase" time="4.287"/>
  <testcase classname="executions.TC01" name="TestCase" time="4.892"/>
  <testcase classname="executions.TC5" name="TestCase" time="5.363"/>
  <testcase classname="executions.TC3" name="TestCase" time="6.153"/>
  <testcase classname="executions.TC4" name="TestCase" time="0.0">
    <ignored/>
  </testcase> <!-- TestCase -->
</testsuite> <!-- Test -->
